OpenJDK 64-Bit Server VM warning: Failed to reserve shared memory. (error = 1)
OpenJDK 64-Bit Server VM warning: Failed to reserve shared memory. (error = 12)
OpenJDK 64-Bit Server VM warning: Failed to reserve shared memory. (error = 12)
2020-09-12 18:27:11.191 INFO  (main) [   ] o.e.j.u.log Logging initialized @775ms to org.eclipse.jetty.util.log.Slf4jLog
2020-09-12 18:27:11.248 WARN  (main) [   ] o.e.j.x.XmlConfiguration Ignored arg: <Arg name="threadpool">
    <New id="threadpool" class="com.codahale.metrics.jetty9.InstrumentedQueuedThreadPool"><Arg name="registry">
        <Call id="solrJettyMetricRegistry" name="getOrCreate" class="com.codahale.metrics.SharedMetricRegistries"><Arg>solr.jetty</Arg></Call>
      </Arg></New>
  </Arg>
2020-09-12 18:27:11.334 INFO  (main) [   ] o.e.j.s.Server jetty-9.4.27.v20200227; built: 2020-02-27T18:37:21.340Z; git: a304fd9f351f337e7c0e2a7c28878dd536149c6c; jvm 11.0.8+10-post-Ubuntu-0ubuntu118.04.1
2020-09-12 18:27:11.351 INFO  (main) [   ] o.e.j.d.p.ScanningAppProvider Deployment monitor [file:///home/ashil/HERIPORT/harvester/solr/server/contexts/] at interval 0
2020-09-12 18:27:11.574 INFO  (main) [   ] o.e.j.w.StandardDescriptorProcessor NO JSP Support for /solr, did not find org.apache.jasper.servlet.JspServlet
2020-09-12 18:27:11.582 INFO  (main) [   ] o.e.j.s.session DefaultSessionIdManager workerName=node0
2020-09-12 18:27:11.582 INFO  (main) [   ] o.e.j.s.session No SessionScavenger set, using defaults
2020-09-12 18:27:11.584 INFO  (main) [   ] o.e.j.s.session node0 Scavenging every 600000ms
2020-09-12 18:27:11.631 INFO  (main) [   ] o.a.s.s.SolrDispatchFilter Using logger factory org.apache.logging.slf4j.Log4jLoggerFactory
2020-09-12 18:27:11.635 INFO  (main) [   ] o.a.s.s.SolrDispatchFilter  ___      _       Welcome to Apache Solr™ version 8.6.0
2020-09-12 18:27:11.635 INFO  (main) [   ] o.a.s.s.SolrDispatchFilter / __| ___| |_ _   Starting in cloud mode on port 1
2020-09-12 18:27:11.636 INFO  (main) [   ] o.a.s.s.SolrDispatchFilter \__ \/ _ \ | '_|  Install dir: /home/ashil/HERIPORT/harvester/solr
2020-09-12 18:27:11.636 INFO  (main) [   ] o.a.s.s.SolrDispatchFilter |___/\___/_|_|    Start time: 2020-09-12T18:27:11.636174Z
java.lang.reflect.InvocationTargetException
	at java.base/jdk.internal.reflect.NativeMethodAccessorImpl.invoke0(Native Method)
	at java.base/jdk.internal.reflect.NativeMethodAccessorImpl.invoke(NativeMethodAccessorImpl.java:62)
	at java.base/jdk.internal.reflect.DelegatingMethodAccessorImpl.invoke(DelegatingMethodAccessorImpl.java:43)
	at java.base/java.lang.reflect.Method.invoke(Method.java:566)
	at org.eclipse.jetty.start.Main.invokeMain(Main.java:218)
	at org.eclipse.jetty.start.Main.start(Main.java:491)
	at org.eclipse.jetty.start.Main.main(Main.java:77)
Caused by: java.security.PrivilegedActionException: java.net.SocketException: Permission denied
	at java.base/java.security.AccessController.doPrivileged(Native Method)
	at org.eclipse.jetty.xml.XmlConfiguration.main(XmlConfiguration.java:1873)
	... 7 more
Caused by: java.net.SocketException: Permission denied
	at java.base/sun.nio.ch.Net.bind0(Native Method)
	at java.base/sun.nio.ch.Net.bind(Net.java:455)
	at java.base/sun.nio.ch.Net.bind(Net.java:447)
	at java.base/sun.nio.ch.ServerSocketChannelImpl.bind(ServerSocketChannelImpl.java:227)
	at java.base/sun.nio.ch.ServerSocketAdaptor.bind(ServerSocketAdaptor.java:80)
	at org.eclipse.jetty.server.ServerConnector.openAcceptChannel(ServerConnector.java:342)
	at org.eclipse.jetty.server.ServerConnector.open(ServerConnector.java:307)
	at org.eclipse.jetty.server.AbstractNetworkConnector.doStart(AbstractNetworkConnector.java:80)
	at org.eclipse.jetty.server.ServerConnector.doStart(ServerConnector.java:231)
	at org.eclipse.jetty.util.component.AbstractLifeCycle.start(AbstractLifeCycle.java:72)
	at org.eclipse.jetty.server.Server.doStart(Server.java:385)
	at org.eclipse.jetty.util.component.AbstractLifeCycle.start(AbstractLifeCycle.java:72)
	at org.eclipse.jetty.xml.XmlConfiguration.lambda$main$1(XmlConfiguration.java:1924)
	... 9 more
java.lang.reflect.InvocationTargetException
	at java.base/jdk.internal.reflect.NativeMethodAccessorImpl.invoke0(Native Method)
	at java.base/jdk.internal.reflect.NativeMethodAccessorImpl.invoke(NativeMethodAccessorImpl.java:62)
	at java.base/jdk.internal.reflect.DelegatingMethodAccessorImpl.invoke(DelegatingMethodAccessorImpl.java:43)
	at java.base/java.lang.reflect.Method.invoke(Method.java:566)
	at org.eclipse.jetty.start.Main.invokeMain(Main.java:218)
	at org.eclipse.jetty.start.Main.start(Main.java:491)
	at org.eclipse.jetty.start.Main.main(Main.java:77)
Caused by: java.security.PrivilegedActionException: java.net.SocketException: Permission denied
	at java.base/java.security.AccessController.doPrivileged(Native Method)
	at org.eclipse.jetty.xml.XmlConfiguration.main(XmlConfiguration.java:1873)
	... 7 more
Caused by: java.net.SocketException: Permission denied
	at java.base/sun.nio.ch.Net.bind0(Native Method)
	at java.base/sun.nio.ch.Net.bind(Net.java:455)
	at java.base/sun.nio.ch.Net.bind(Net.java:447)
	at java.base/sun.nio.ch.ServerSocketChannelImpl.bind(ServerSocketChannelImpl.java:227)
	at java.base/sun.nio.ch.ServerSocketAdaptor.bind(ServerSocketAdaptor.java:80)
	at org.eclipse.jetty.server.ServerConnector.openAcceptChannel(ServerConnector.java:342)
	at org.eclipse.jetty.server.ServerConnector.open(ServerConnector.java:307)
	at org.eclipse.jetty.server.AbstractNetworkConnector.doStart(AbstractNetworkConnector.java:80)
	at org.eclipse.jetty.server.ServerConnector.doStart(ServerConnector.java:231)
	at org.eclipse.jetty.util.component.AbstractLifeCycle.start(AbstractLifeCycle.java:72)
	at org.eclipse.jetty.server.Server.doStart(Server.java:385)
	at org.eclipse.jetty.util.component.AbstractLifeCycle.start(AbstractLifeCycle.java:72)
	at org.eclipse.jetty.xml.XmlConfiguration.lambda$main$1(XmlConfiguration.java:1924)
	... 9 more

Usage: java -jar $JETTY_HOME/start.jar [options] [properties] [configs]
       java -jar $JETTY_HOME/start.jar --help  # for more information
