[2020-09-09T21:54:58.603+0200][0.007s] Heap region size: 1M
[2020-09-09T21:54:58.620+0200][0.023s] Using G1
[2020-09-09T21:54:58.620+0200][0.023s] Heap address: 0x00000000e0000000, size: 512 MB, Compressed Oops mode: 32-bit
[2020-09-09T21:54:58.620+0200][0.023s] Mark closed archive regions in map: [0x00000000fff00000, 0x00000000fff69ff8]
[2020-09-09T21:54:58.620+0200][0.024s] Mark open archive regions in map: [0x00000000ffe00000, 0x00000000ffe46ff8]
[2020-09-09T21:54:59.052+0200][0.456s] GC(0) Pause Young (Normal) (G1 Evacuation Pause)
[2020-09-09T21:54:59.053+0200][0.457s] GC(0) Using 10 workers of 10 for evacuation
[2020-09-09T21:54:59.064+0200][0.468s] GC(0)   Pre Evacuate Collection Set: 0.0ms
[2020-09-09T21:54:59.064+0200][0.468s] GC(0)   Evacuate Collection Set: 9.8ms
[2020-09-09T21:54:59.064+0200][0.468s] GC(0)   Post Evacuate Collection Set: 1.2ms
[2020-09-09T21:54:59.064+0200][0.468s] GC(0)   Other: 1.3ms
[2020-09-09T21:54:59.064+0200][0.468s] GC(0) Eden regions: 30->0(304)
[2020-09-09T21:54:59.064+0200][0.468s] GC(0) Survivor regions: 0->3(4)
[2020-09-09T21:54:59.064+0200][0.468s] GC(0) Old regions: 2->2
[2020-09-09T21:54:59.064+0200][0.468s] GC(0) Humongous regions: 0->0
[2020-09-09T21:54:59.064+0200][0.468s] GC(0) Metaspace: 6463K->6463K(1056768K)
[2020-09-09T21:54:59.065+0200][0.468s] GC(0) Pause Young (Normal) (G1 Evacuation Pause) 30M->3M(512M) 12.375ms
[2020-09-09T21:54:59.065+0200][0.468s] GC(0) User=0.11s Sys=0.01s Real=0.01s
[2020-09-09T21:55:00.264+0200][1.668s] GC(1) Pause Young (Concurrent Start) (Metadata GC Threshold)
[2020-09-09T21:55:00.265+0200][1.668s] GC(1) Using 10 workers of 10 for evacuation
[2020-09-09T21:55:00.279+0200][1.682s] GC(1)   Pre Evacuate Collection Set: 0.0ms
[2020-09-09T21:55:00.279+0200][1.682s] GC(1)   Evacuate Collection Set: 13.3ms
[2020-09-09T21:55:00.279+0200][1.682s] GC(1)   Post Evacuate Collection Set: 0.9ms
[2020-09-09T21:55:00.279+0200][1.682s] GC(1)   Other: 0.2ms
[2020-09-09T21:55:00.279+0200][1.682s] GC(1) Eden regions: 102->0(86)
[2020-09-09T21:55:00.279+0200][1.682s] GC(1) Survivor regions: 3->19(39)
[2020-09-09T21:55:00.279+0200][1.682s] GC(1) Old regions: 2->2
[2020-09-09T21:55:00.279+0200][1.682s] GC(1) Humongous regions: 4->4
[2020-09-09T21:55:00.279+0200][1.682s] GC(1) Metaspace: 20453K->20453K(1069056K)
[2020-09-09T21:55:00.279+0200][1.682s] GC(1) Pause Young (Concurrent Start) (Metadata GC Threshold) 109M->23M(512M) 14.510ms
[2020-09-09T21:55:00.279+0200][1.682s] GC(1) User=0.08s Sys=0.00s Real=0.02s
[2020-09-09T21:55:00.279+0200][1.682s] GC(2) Concurrent Cycle
[2020-09-09T21:55:00.279+0200][1.682s] GC(2) Concurrent Clear Claimed Marks
[2020-09-09T21:55:00.279+0200][1.682s] GC(2) Concurrent Clear Claimed Marks 0.031ms
[2020-09-09T21:55:00.279+0200][1.683s] GC(2) Concurrent Scan Root Regions
[2020-09-09T21:55:00.282+0200][1.686s] GC(2) Concurrent Scan Root Regions 3.331ms
[2020-09-09T21:55:00.282+0200][1.686s] GC(2) Concurrent Mark (1.686s)
[2020-09-09T21:55:00.283+0200][1.686s] GC(2) Concurrent Mark From Roots
[2020-09-09T21:55:00.283+0200][1.686s] GC(2) Using 3 workers of 3 for marking
[2020-09-09T21:55:00.284+0200][1.687s] GC(2) Concurrent Mark From Roots 1.452ms
[2020-09-09T21:55:00.284+0200][1.687s] GC(2) Concurrent Preclean
[2020-09-09T21:55:00.284+0200][1.688s] GC(2) Concurrent Preclean 0.462ms
[2020-09-09T21:55:00.285+0200][1.688s] GC(2) Concurrent Mark (1.686s, 1.688s) 1.979ms
[2020-09-09T21:55:00.285+0200][1.688s] GC(2) Pause Remark
[2020-09-09T21:55:00.286+0200][1.689s] GC(2) Cleaned string and symbol table, strings: 9068 processed, 0 removed, symbols: 61973 processed, 27 removed
[2020-09-09T21:55:00.286+0200][1.690s] GC(2) Pause Remark 24M->24M(512M) 1.266ms
[2020-09-09T21:55:00.286+0200][1.690s] GC(2) User=0.02s Sys=0.00s Real=0.00s
[2020-09-09T21:55:00.286+0200][1.690s] GC(2) Concurrent Rebuild Remembered Sets
[2020-09-09T21:55:00.289+0200][1.692s] GC(2) Concurrent Rebuild Remembered Sets 2.656ms
[2020-09-09T21:55:00.289+0200][1.693s] GC(2) Pause Cleanup
[2020-09-09T21:55:00.289+0200][1.693s] GC(2) Pause Cleanup 24M->24M(512M) 0.153ms
[2020-09-09T21:55:00.289+0200][1.693s] GC(2) User=0.00s Sys=0.00s Real=0.00s
[2020-09-09T21:55:00.289+0200][1.693s] GC(2) Concurrent Cleanup for Next Mark
[2020-09-09T21:55:00.290+0200][1.694s] GC(2) Concurrent Cleanup for Next Mark 0.931ms
[2020-09-09T21:55:00.290+0200][1.694s] GC(2) Concurrent Cycle 11.366ms
[2020-09-09T21:55:01.210+0200][2.614s] GC(3) Pause Young (Normal) (G1 Evacuation Pause)
[2020-09-09T21:55:01.210+0200][2.614s] GC(3) Using 10 workers of 10 for evacuation
[2020-09-09T21:55:01.231+0200][2.635s] GC(3)   Pre Evacuate Collection Set: 0.0ms
[2020-09-09T21:55:01.231+0200][2.635s] GC(3)   Evacuate Collection Set: 19.0ms
[2020-09-09T21:55:01.231+0200][2.635s] GC(3)   Post Evacuate Collection Set: 1.7ms
[2020-09-09T21:55:01.231+0200][2.635s] GC(3)   Other: 0.2ms
[2020-09-09T21:55:01.231+0200][2.635s] GC(3) Eden regions: 72->0(114)
[2020-09-09T21:55:01.231+0200][2.635s] GC(3) Survivor regions: 19->6(12)
[2020-09-09T21:55:01.231+0200][2.635s] GC(3) Old regions: 2->20
[2020-09-09T21:55:01.231+0200][2.635s] GC(3) Humongous regions: 4->4
[2020-09-09T21:55:01.231+0200][2.635s] GC(3) Metaspace: 30012K->30012K(1077248K)
[2020-09-09T21:55:01.232+0200][2.635s] GC(3) Pause Young (Normal) (G1 Evacuation Pause) 95M->27M(512M) 21.117ms
[2020-09-09T21:55:01.232+0200][2.635s] GC(3) User=0.19s Sys=0.01s Real=0.03s
[2020-09-09T21:55:02.009+0200][3.412s] GC(4) Pause Young (Concurrent Start) (Metadata GC Threshold)
[2020-09-09T21:55:02.009+0200][3.412s] GC(4) Using 10 workers of 10 for evacuation
[2020-09-09T21:55:02.015+0200][3.418s] GC(4)   Pre Evacuate Collection Set: 0.1ms
[2020-09-09T21:55:02.015+0200][3.419s] GC(4)   Evacuate Collection Set: 4.3ms
[2020-09-09T21:55:02.015+0200][3.419s] GC(4)   Post Evacuate Collection Set: 1.5ms
[2020-09-09T21:55:02.015+0200][3.419s] GC(4)   Other: 0.2ms
[2020-09-09T21:55:02.015+0200][3.419s] GC(4) Eden regions: 59->0(131)
[2020-09-09T21:55:02.015+0200][3.419s] GC(4) Survivor regions: 6->7(15)
[2020-09-09T21:55:02.015+0200][3.419s] GC(4) Old regions: 20->20
[2020-09-09T21:55:02.015+0200][3.419s] GC(4) Humongous regions: 4->4
[2020-09-09T21:55:02.015+0200][3.419s] GC(4) Metaspace: 34767K->34767K(1081344K)
[2020-09-09T21:55:02.015+0200][3.419s] GC(4) Pause Young (Concurrent Start) (Metadata GC Threshold) 86M->29M(512M) 6.157ms
[2020-09-09T21:55:02.015+0200][3.419s] GC(4) User=0.05s Sys=0.00s Real=0.01s
[2020-09-09T21:55:02.015+0200][3.419s] GC(5) Concurrent Cycle
[2020-09-09T21:55:02.015+0200][3.419s] GC(5) Concurrent Clear Claimed Marks
[2020-09-09T21:55:02.015+0200][3.419s] GC(5) Concurrent Clear Claimed Marks 0.062ms
[2020-09-09T21:55:02.015+0200][3.419s] GC(5) Concurrent Scan Root Regions
[2020-09-09T21:55:02.017+0200][3.421s] GC(5) Concurrent Scan Root Regions 1.857ms
[2020-09-09T21:55:02.017+0200][3.421s] GC(5) Concurrent Mark (3.421s)
[2020-09-09T21:55:02.017+0200][3.421s] GC(5) Concurrent Mark From Roots
[2020-09-09T21:55:02.017+0200][3.421s] GC(5) Using 3 workers of 3 for marking
[2020-09-09T21:55:02.035+0200][3.439s] GC(5) Concurrent Mark From Roots 17.949ms
[2020-09-09T21:55:02.035+0200][3.439s] GC(5) Concurrent Preclean
[2020-09-09T21:55:02.036+0200][3.439s] GC(5) Concurrent Preclean 0.442ms
[2020-09-09T21:55:02.036+0200][3.439s] GC(5) Concurrent Mark (3.421s, 3.439s) 18.460ms
[2020-09-09T21:55:02.036+0200][3.439s] GC(5) Pause Remark
[2020-09-09T21:55:02.037+0200][3.441s] GC(5) Cleaned string and symbol table, strings: 15308 processed, 25 removed, symbols: 103028 processed, 70 removed
[2020-09-09T21:55:02.038+0200][3.441s] GC(5) Pause Remark 33M->33M(512M) 1.680ms
[2020-09-09T21:55:02.038+0200][3.441s] GC(5) User=0.02s Sys=0.00s Real=0.00s
[2020-09-09T21:55:02.038+0200][3.441s] GC(5) Concurrent Rebuild Remembered Sets
[2020-09-09T21:55:02.046+0200][3.450s] GC(5) Concurrent Rebuild Remembered Sets 8.786ms
[2020-09-09T21:55:02.047+0200][3.450s] GC(5) Pause Cleanup
[2020-09-09T21:55:02.047+0200][3.450s] GC(5) Pause Cleanup 35M->35M(512M) 0.175ms
[2020-09-09T21:55:02.047+0200][3.450s] GC(5) User=0.01s Sys=0.00s Real=0.00s
[2020-09-09T21:55:02.047+0200][3.450s] GC(5) Concurrent Cleanup for Next Mark
[2020-09-09T21:55:02.047+0200][3.451s] GC(5) Concurrent Cleanup for Next Mark 0.439ms
[2020-09-09T21:55:02.047+0200][3.451s] GC(5) Concurrent Cycle 31.999ms
[2020-09-09T21:55:02.412+0200][3.816s] GC(6) Pause Young (Concurrent Start) (G1 Evacuation Pause)
[2020-09-09T21:55:02.412+0200][3.816s] GC(6) Using 10 workers of 10 for evacuation
[2020-09-09T21:55:02.421+0200][3.825s] GC(6)   Pre Evacuate Collection Set: 0.1ms
[2020-09-09T21:55:02.421+0200][3.825s] GC(6)   Evacuate Collection Set: 8.1ms
[2020-09-09T21:55:02.421+0200][3.825s] GC(6)   Post Evacuate Collection Set: 0.5ms
[2020-09-09T21:55:02.421+0200][3.825s] GC(6)   Other: 0.3ms
[2020-09-09T21:55:02.421+0200][3.825s] GC(6) Eden regions: 131->0(191)
[2020-09-09T21:55:02.421+0200][3.825s] GC(6) Survivor regions: 7->10(18)
[2020-09-09T21:55:02.421+0200][3.825s] GC(6) Old regions: 20->20
[2020-09-09T21:55:02.421+0200][3.825s] GC(6) Humongous regions: 4->4
[2020-09-09T21:55:02.421+0200][3.825s] GC(6) Metaspace: 38396K->38396K(1083392K)
[2020-09-09T21:55:02.421+0200][3.825s] GC(6) Pause Young (Concurrent Start) (G1 Evacuation Pause) 160M->31M(512M) 9.123ms
[2020-09-09T21:55:02.421+0200][3.825s] GC(6) User=0.07s Sys=0.00s Real=0.01s
[2020-09-09T21:55:02.421+0200][3.825s] GC(7) Concurrent Cycle
[2020-09-09T21:55:02.421+0200][3.825s] GC(7) Concurrent Clear Claimed Marks
[2020-09-09T21:55:02.422+0200][3.825s] GC(7) Concurrent Clear Claimed Marks 0.066ms
[2020-09-09T21:55:02.422+0200][3.825s] GC(7) Concurrent Scan Root Regions
[2020-09-09T21:55:02.424+0200][3.827s] GC(7) Concurrent Scan Root Regions 2.313ms
[2020-09-09T21:55:02.424+0200][3.827s] GC(7) Concurrent Mark (3.827s)
[2020-09-09T21:55:02.424+0200][3.827s] GC(7) Concurrent Mark From Roots
[2020-09-09T21:55:02.424+0200][3.827s] GC(7) Using 3 workers of 3 for marking
[2020-09-09T21:55:02.436+0200][3.840s] GC(7) Concurrent Mark From Roots 12.431ms
[2020-09-09T21:55:02.436+0200][3.840s] GC(7) Concurrent Preclean
[2020-09-09T21:55:02.437+0200][3.840s] GC(7) Concurrent Preclean 0.308ms
[2020-09-09T21:55:02.437+0200][3.840s] GC(7) Concurrent Mark (3.827s, 3.840s) 12.843ms
[2020-09-09T21:55:02.437+0200][3.841s] GC(7) Pause Remark
[2020-09-09T21:55:02.440+0200][3.844s] GC(7) Cleaned string and symbol table, strings: 16755 processed, 1 removed, symbols: 112978 processed, 53 removed
[2020-09-09T21:55:02.441+0200][3.844s] GC(7) Pause Remark 35M->35M(512M) 3.386ms
[2020-09-09T21:55:02.441+0200][3.844s] GC(7) User=0.03s Sys=0.00s Real=0.01s
[2020-09-09T21:55:02.441+0200][3.844s] GC(7) Concurrent Rebuild Remembered Sets
[2020-09-09T21:55:02.446+0200][3.850s] GC(7) Concurrent Rebuild Remembered Sets 5.725ms
[2020-09-09T21:55:02.447+0200][3.850s] GC(7) Pause Cleanup
[2020-09-09T21:55:02.447+0200][3.850s] GC(7) Pause Cleanup 42M->42M(512M) 0.292ms
[2020-09-09T21:55:02.447+0200][3.851s] GC(7) User=0.00s Sys=0.00s Real=0.00s
[2020-09-09T21:55:02.447+0200][3.851s] GC(7) Concurrent Cleanup for Next Mark
[2020-09-09T21:55:02.448+0200][3.851s] GC(7) Concurrent Cleanup for Next Mark 0.562ms
[2020-09-09T21:55:02.448+0200][3.851s] GC(7) Concurrent Cycle 26.407ms
[2020-09-09T21:55:02.581+0200][3.984s] GC(8) Pause Young (Normal) (G1 Evacuation Pause)
[2020-09-09T21:55:02.581+0200][3.984s] GC(8) Using 10 workers of 10 for evacuation
[2020-09-09T21:55:02.587+0200][3.990s] GC(8)   Pre Evacuate Collection Set: 0.0ms
[2020-09-09T21:55:02.587+0200][3.990s] GC(8)   Evacuate Collection Set: 5.6ms
[2020-09-09T21:55:02.587+0200][3.990s] GC(8)   Post Evacuate Collection Set: 0.5ms
[2020-09-09T21:55:02.587+0200][3.990s] GC(8)   Other: 0.2ms
[2020-09-09T21:55:02.587+0200][3.990s] GC(8) Eden regions: 191->0(296)
[2020-09-09T21:55:02.587+0200][3.990s] GC(8) Survivor regions: 10->11(26)
[2020-09-09T21:55:02.587+0200][3.990s] GC(8) Old regions: 20->20
[2020-09-09T21:55:02.587+0200][3.990s] GC(8) Humongous regions: 5->4
[2020-09-09T21:55:02.587+0200][3.990s] GC(8) Metaspace: 39124K->39124K(1085440K)
[2020-09-09T21:55:02.587+0200][3.990s] GC(8) Pause Young (Normal) (G1 Evacuation Pause) 223M->32M(512M) 6.415ms
[2020-09-09T21:55:02.587+0200][3.990s] GC(8) User=0.06s Sys=0.00s Real=0.00s
[2020-09-09T21:55:17.074+0200][18.477s] GC(9) Pause Young (Normal) (G1 Evacuation Pause)
[2020-09-09T21:55:17.074+0200][18.477s] GC(9) Using 10 workers of 10 for evacuation
[2020-09-09T21:55:17.083+0200][18.487s] GC(9)   Pre Evacuate Collection Set: 0.0ms
[2020-09-09T21:55:17.083+0200][18.487s] GC(9)   Evacuate Collection Set: 7.7ms
[2020-09-09T21:55:17.083+0200][18.487s] GC(9)   Post Evacuate Collection Set: 1.7ms
[2020-09-09T21:55:17.083+0200][18.487s] GC(9)   Other: 0.2ms
[2020-09-09T21:55:17.083+0200][18.487s] GC(9) Eden regions: 296->0(294)
[2020-09-09T21:55:17.083+0200][18.487s] GC(9) Survivor regions: 11->13(39)
[2020-09-09T21:55:17.083+0200][18.487s] GC(9) Old regions: 20->20
[2020-09-09T21:55:17.084+0200][18.487s] GC(9) Humongous regions: 4->4
[2020-09-09T21:55:17.084+0200][18.487s] GC(9) Metaspace: 45313K->45313K(1089536K)
[2020-09-09T21:55:17.084+0200][18.487s] GC(9) Pause Young (Normal) (G1 Evacuation Pause) 328M->35M(512M) 9.805ms
[2020-09-09T21:55:17.084+0200][18.487s] GC(9) User=0.09s Sys=0.01s Real=0.01s
[2020-09-09T21:55:17.381+0200][18.784s] GC(10) Pause Young (Normal) (G1 Evacuation Pause)
[2020-09-09T21:55:17.381+0200][18.784s] GC(10) Using 10 workers of 10 for evacuation
[2020-09-09T21:55:17.387+0200][18.791s] GC(10)   Pre Evacuate Collection Set: 0.0ms
[2020-09-09T21:55:17.388+0200][18.791s] GC(10)   Evacuate Collection Set: 6.1ms
[2020-09-09T21:55:17.388+0200][18.791s] GC(10)   Post Evacuate Collection Set: 0.6ms
[2020-09-09T21:55:17.388+0200][18.791s] GC(10)   Other: 0.2ms
[2020-09-09T21:55:17.388+0200][18.791s] GC(10) Eden regions: 294->0(292)
[2020-09-09T21:55:17.388+0200][18.791s] GC(10) Survivor regions: 13->15(39)
[2020-09-09T21:55:17.388+0200][18.791s] GC(10) Old regions: 20->20
[2020-09-09T21:55:17.388+0200][18.791s] GC(10) Humongous regions: 4->4
[2020-09-09T21:55:17.388+0200][18.791s] GC(10) Metaspace: 47049K->47049K(1091584K)
[2020-09-09T21:55:17.388+0200][18.791s] GC(10) Pause Young (Normal) (G1 Evacuation Pause) 329M->36M(512M) 6.996ms
[2020-09-09T21:55:17.388+0200][18.791s] GC(10) User=0.07s Sys=0.00s Real=0.00s
[2020-09-09T21:55:18.258+0200][19.661s] GC(11) Pause Young (Normal) (G1 Evacuation Pause)
[2020-09-09T21:55:18.258+0200][19.661s] GC(11) Using 10 workers of 10 for evacuation
[2020-09-09T21:55:18.272+0200][19.676s] GC(11)   Pre Evacuate Collection Set: 0.0ms
[2020-09-09T21:55:18.272+0200][19.676s] GC(11)   Evacuate Collection Set: 12.8ms
[2020-09-09T21:55:18.272+0200][19.676s] GC(11)   Post Evacuate Collection Set: 1.8ms
[2020-09-09T21:55:18.272+0200][19.676s] GC(11)   Other: 0.2ms
[2020-09-09T21:55:18.272+0200][19.676s] GC(11) Eden regions: 292->0(282)
[2020-09-09T21:55:18.273+0200][19.676s] GC(11) Survivor regions: 15->25(39)
[2020-09-09T21:55:18.273+0200][19.676s] GC(11) Old regions: 20->20
[2020-09-09T21:55:18.273+0200][19.676s] GC(11) Humongous regions: 4->4
[2020-09-09T21:55:18.273+0200][19.676s] GC(11) Metaspace: 52156K->52156K(1095680K)
[2020-09-09T21:55:18.273+0200][19.676s] GC(11) Pause Young (Normal) (G1 Evacuation Pause) 328M->47M(512M) 14.853ms
[2020-09-09T21:55:18.273+0200][19.676s] GC(11) User=0.14s Sys=0.01s Real=0.02s
[2020-09-09T21:55:52.633+0200][54.036s] GC(12) Pause Young (Normal) (G1 Evacuation Pause)
[2020-09-09T21:55:52.633+0200][54.036s] GC(12) Using 10 workers of 10 for evacuation
[2020-09-09T21:55:52.653+0200][54.056s] GC(12)   Pre Evacuate Collection Set: 0.1ms
[2020-09-09T21:55:52.653+0200][54.056s] GC(12)   Evacuate Collection Set: 18.9ms
[2020-09-09T21:55:52.653+0200][54.056s] GC(12)   Post Evacuate Collection Set: 0.8ms
[2020-09-09T21:55:52.653+0200][54.056s] GC(12)   Other: 0.2ms
[2020-09-09T21:55:52.653+0200][54.056s] GC(12) Eden regions: 282->0(281)
[2020-09-09T21:55:52.653+0200][54.056s] GC(12) Survivor regions: 25->26(39)
[2020-09-09T21:55:52.653+0200][54.056s] GC(12) Old regions: 20->25
[2020-09-09T21:55:52.653+0200][54.056s] GC(12) Humongous regions: 4->4
[2020-09-09T21:55:52.653+0200][54.056s] GC(12) Metaspace: 55868K->55868K(1099776K)
[2020-09-09T21:55:52.653+0200][54.056s] GC(12) Pause Young (Normal) (G1 Evacuation Pause) 329M->52M(512M) 20.023ms
[2020-09-09T21:55:52.653+0200][54.056s] GC(12) User=0.13s Sys=0.01s Real=0.02s
[2020-09-09T22:02:41.061+0200][462.465s] GC(13) Pause Young (Normal) (G1 Evacuation Pause)
[2020-09-09T22:02:41.061+0200][462.465s] GC(13) Using 10 workers of 10 for evacuation
[2020-09-09T22:02:41.076+0200][462.480s] GC(13)   Pre Evacuate Collection Set: 0.0ms
[2020-09-09T22:02:41.076+0200][462.480s] GC(13)   Evacuate Collection Set: 12.9ms
[2020-09-09T22:02:41.077+0200][462.480s] GC(13)   Post Evacuate Collection Set: 1.9ms
[2020-09-09T22:02:41.077+0200][462.480s] GC(13)   Other: 0.3ms
[2020-09-09T22:02:41.077+0200][462.480s] GC(13) Eden regions: 281->0(285)
[2020-09-09T22:02:41.077+0200][462.480s] GC(13) Survivor regions: 26->22(39)
[2020-09-09T22:02:41.077+0200][462.480s] GC(13) Old regions: 25->31
[2020-09-09T22:02:41.077+0200][462.480s] GC(13) Humongous regions: 4->4
[2020-09-09T22:02:41.077+0200][462.480s] GC(13) Metaspace: 57341K->57341K(1101824K)
[2020-09-09T22:02:41.077+0200][462.480s] GC(13) Pause Young (Normal) (G1 Evacuation Pause) 333M->55M(512M) 15.268ms
[2020-09-09T22:02:41.077+0200][462.480s] GC(13) User=0.14s Sys=0.02s Real=0.01s
