2020-09-12 18:25:26.480 INFO  (main) [   ] o.e.j.u.log Logging initialized @813ms to org.eclipse.jetty.util.log.Slf4jLog
2020-09-12 18:25:26.719 WARN  (main) [   ] o.e.j.x.XmlConfiguration Ignored arg: <Arg name="threadpool">
    <New id="threadpool" class="com.codahale.metrics.jetty9.InstrumentedQueuedThreadPool"><Arg name="registry">
        <Call id="solrJettyMetricRegistry" name="getOrCreate" class="com.codahale.metrics.SharedMetricRegistries"><Arg>solr.jetty</Arg></Call>
      </Arg></New>
  </Arg>
2020-09-12 18:25:26.824 INFO  (main) [   ] o.e.j.s.Server jetty-9.4.27.v20200227; built: 2020-02-27T18:37:21.340Z; git: a304fd9f351f337e7c0e2a7c28878dd536149c6c; jvm 11.0.8+10-post-Ubuntu-0ubuntu118.04.1
2020-09-12 18:25:26.842 INFO  (main) [   ] o.e.j.d.p.ScanningAppProvider Deployment monitor [file:///home/ashil/HERIPORT/harvester/solr/server/contexts/] at interval 0
2020-09-12 18:25:27.073 INFO  (main) [   ] o.e.j.w.StandardDescriptorProcessor NO JSP Support for /solr, did not find org.apache.jasper.servlet.JspServlet
2020-09-12 18:25:27.082 INFO  (main) [   ] o.e.j.s.session DefaultSessionIdManager workerName=node0
2020-09-12 18:25:27.082 INFO  (main) [   ] o.e.j.s.session No SessionScavenger set, using defaults
2020-09-12 18:25:27.085 INFO  (main) [   ] o.e.j.s.session node0 Scavenging every 600000ms
2020-09-12 18:25:27.134 INFO  (main) [   ] o.a.s.s.SolrDispatchFilter Using logger factory org.apache.logging.slf4j.Log4jLoggerFactory
2020-09-12 18:25:27.138 INFO  (main) [   ] o.a.s.s.SolrDispatchFilter  ___      _       Welcome to Apache Solr™ version 8.6.0
2020-09-12 18:25:27.138 INFO  (main) [   ] o.a.s.s.SolrDispatchFilter / __| ___| |_ _   Starting in standalone mode on port 8983
2020-09-12 18:25:27.138 INFO  (main) [   ] o.a.s.s.SolrDispatchFilter \__ \/ _ \ | '_|  Install dir: /home/ashil/HERIPORT/harvester/solr
2020-09-12 18:25:27.139 INFO  (main) [   ] o.a.s.s.SolrDispatchFilter |___/\___/_|_|    Start time: 2020-09-12T18:25:27.139123Z
2020-09-12 18:25:27.166 INFO  (main) [   ] o.a.s.c.SolrPaths Using system property solr.solr.home: /home/ashil/HERIPORT/harvester/solr/server/solr
2020-09-12 18:25:27.171 INFO  (main) [   ] o.a.s.c.SolrXmlConfig Loading container configuration from /home/ashil/HERIPORT/harvester/solr/server/solr/solr.xml
2020-09-12 18:25:27.262 INFO  (main) [   ] o.a.s.c.SolrXmlConfig MBean server found: com.sun.jmx.mbeanserver.JmxMBeanServer@7d9d0818, but no JMX reporters were configured - adding default JMX reporter.
2020-09-12 18:25:27.718 INFO  (main) [   ] o.a.s.h.c.HttpShardHandlerFactory Host whitelist initialized: WhitelistHostChecker [whitelistHosts=null, whitelistHostCheckingEnabled=true]
2020-09-12 18:25:27.892 WARN  (main) [   ] o.e.j.u.s.S.config Trusting all certificates configured for Client@778db7c5[provider=null,keyStore=null,trustStore=null]
2020-09-12 18:25:27.892 WARN  (main) [   ] o.e.j.u.s.S.config No Client EndPointIdentificationAlgorithm configured for Client@778db7c5[provider=null,keyStore=null,trustStore=null]
2020-09-12 18:25:28.066 WARN  (main) [   ] o.e.j.u.s.S.config Trusting all certificates configured for Client@2cfa2c4f[provider=null,keyStore=null,trustStore=null]
2020-09-12 18:25:28.067 WARN  (main) [   ] o.e.j.u.s.S.config No Client EndPointIdentificationAlgorithm configured for Client@2cfa2c4f[provider=null,keyStore=null,trustStore=null]
2020-09-12 18:25:28.120 WARN  (main) [   ] o.a.s.c.CoreContainer Not all security plugins configured!  authentication=disabled authorization=disabled.  Solr is only as secure as you make it. Consider configuring authentication/authorization before exposing Solr to users internal or external.  See https://s.apache.org/solrsecurity for more info
2020-09-12 18:25:28.260 INFO  (main) [   ] o.a.s.c.TransientSolrCoreCacheDefault Allocating transient cache for 2147483647 transient cores
2020-09-12 18:25:28.261 INFO  (main) [   ] o.a.s.h.a.MetricsHistoryHandler No .system collection, keeping metrics history in memory.
2020-09-12 18:25:28.325 INFO  (main) [   ] o.a.s.m.r.SolrJmxReporter JMX monitoring for 'solr.node' (registry 'solr.node') enabled at server: com.sun.jmx.mbeanserver.JmxMBeanServer@7d9d0818
2020-09-12 18:25:28.325 INFO  (main) [   ] o.a.s.m.r.SolrJmxReporter JMX monitoring for 'solr.jvm' (registry 'solr.jvm') enabled at server: com.sun.jmx.mbeanserver.JmxMBeanServer@7d9d0818
2020-09-12 18:25:28.330 INFO  (main) [   ] o.a.s.m.r.SolrJmxReporter JMX monitoring for 'solr.jetty' (registry 'solr.jetty') enabled at server: com.sun.jmx.mbeanserver.JmxMBeanServer@7d9d0818
2020-09-12 18:25:28.358 INFO  (main) [   ] o.a.s.c.CorePropertiesLocator Found 0 core definitions underneath /home/ashil/HERIPORT/harvester/solr/server/solr
2020-09-12 18:25:28.402 INFO  (main) [   ] o.e.j.s.h.ContextHandler Started o.e.j.w.WebAppContext@4bff1903{/solr,file:///home/ashil/HERIPORT/harvester/solr/server/solr-webapp/webapp/,AVAILABLE}{/home/ashil/HERIPORT/harvester/solr/server/solr-webapp/webapp}
2020-09-12 18:25:28.412 INFO  (main) [   ] o.e.j.s.AbstractConnector Started ServerConnector@1b73be9f{HTTP/1.1, (http/1.1, h2c)}{0.0.0.0:8983}
2020-09-12 18:25:28.413 INFO  (main) [   ] o.e.j.s.Server Started @2747ms
2020-09-12 18:25:36.057 INFO  (qtp638169719-20) [   ] o.a.s.s.HttpSolrCall [admin] webapp=null path=/admin/cores params={indexInfo=false&wt=json&_=1599935135790} status=0 QTime=32
2020-09-12 18:25:36.064 INFO  (qtp638169719-23) [   ] o.a.s.s.HttpSolrCall [admin] webapp=null path=/admin/info/system params={wt=json&_=1599935135791} status=0 QTime=39
2020-09-12 18:25:36.064 INFO  (qtp638169719-25) [   ] o.a.s.s.HttpSolrCall [admin] webapp=null path=/admin/info/system params={wt=json&_=1599935135791} status=0 QTime=39
2020-09-12 18:25:41.362 INFO  (qtp638169719-41) [   ] o.a.s.s.HttpSolrCall [admin] webapp=null path=/admin/cores params={indexInfo=false&wt=json&_=1599935135790} status=0 QTime=0
2020-09-12 18:25:41.366 INFO  (qtp638169719-39) [   ] o.a.s.s.HttpSolrCall [admin] webapp=null path=/admin/info/system params={wt=json&_=1599935135791} status=0 QTime=4
2020-09-12 18:25:41.371 INFO  (qtp638169719-23) [   ] o.a.s.s.HttpSolrCall [admin] webapp=null path=/admin/info/logging params={wt=json&_=1599935141350&since=0} status=0 QTime=1
2020-09-12 18:25:42.862 INFO  (qtp638169719-23) [   ] o.a.s.s.HttpSolrCall [admin] webapp=null path=/admin/cores params={indexInfo=false&wt=json&_=1599935135790} status=0 QTime=0
2020-09-12 18:25:42.864 INFO  (qtp638169719-39) [   ] o.a.s.s.HttpSolrCall [admin] webapp=null path=/admin/cores params={wt=json&_=1599935135790} status=0 QTime=0
2020-09-12 18:25:42.866 INFO  (qtp638169719-17) [   ] o.a.s.s.HttpSolrCall [admin] webapp=null path=/admin/info/system params={wt=json&_=1599935135791} status=0 QTime=2
2020-09-12 18:25:44.251 INFO  (qtp638169719-17) [   ] o.a.s.s.HttpSolrCall [admin] webapp=null path=/admin/cores params={indexInfo=false&wt=json&_=1599935135790} status=0 QTime=0
2020-09-12 18:25:44.252 INFO  (qtp638169719-25) [   ] o.a.s.s.HttpSolrCall [admin] webapp=null path=/admin/info/properties params={wt=json&_=1599935144243} status=0 QTime=0
2020-09-12 18:25:44.254 INFO  (qtp638169719-40) [   ] o.a.s.s.HttpSolrCall [admin] webapp=null path=/admin/info/system params={wt=json&_=1599935135791} status=0 QTime=3
2020-09-12 18:25:45.048 INFO  (qtp638169719-23) [   ] o.a.s.s.HttpSolrCall [admin] webapp=null path=/admin/cores params={indexInfo=false&wt=json&_=1599935135790} status=0 QTime=0
2020-09-12 18:25:45.051 INFO  (qtp638169719-40) [   ] o.a.s.s.HttpSolrCall [admin] webapp=null path=/admin/info/system params={wt=json&_=1599935135791} status=0 QTime=3
2020-09-12 18:25:45.063 INFO  (qtp638169719-25) [   ] o.a.s.s.HttpSolrCall [admin] webapp=null path=/admin/info/threads params={wt=json&_=1599935145040} status=0 QTime=8
2020-09-12 18:25:46.613 INFO  (qtp638169719-40) [   ] o.a.s.s.HttpSolrCall [admin] webapp=null path=/admin/cores params={indexInfo=false&wt=json&_=1599935135790} status=0 QTime=0
2020-09-12 18:25:46.616 INFO  (qtp638169719-39) [   ] o.a.s.s.HttpSolrCall [admin] webapp=null path=/admin/info/system params={wt=json&_=1599935135791} status=0 QTime=3
2020-09-12 18:25:46.620 INFO  (qtp638169719-25) [   ] o.a.s.s.HttpSolrCall [admin] webapp=null path=/admin/info/system params={wt=json&_=1599935135791} status=0 QTime=7
2020-09-12 18:28:45.851 INFO  (qtp638169719-45) [   ] o.a.s.s.HttpSolrCall [admin] webapp=null path=/admin/cores params={indexInfo=false&wt=json&_=1599935325750} status=0 QTime=0
2020-09-12 18:28:45.856 INFO  (qtp638169719-20) [   ] o.a.s.s.HttpSolrCall [admin] webapp=null path=/admin/info/system params={wt=json&_=1599935325750} status=0 QTime=2
2020-09-12 18:28:45.856 INFO  (qtp638169719-40) [   ] o.a.s.s.HttpSolrCall [admin] webapp=null path=/admin/info/system params={wt=json&_=1599935325750} status=0 QTime=3
