OpenJDK 64-Bit Server VM warning: Failed to reserve shared memory. (error = 1)
OpenJDK 64-Bit Server VM warning: Failed to reserve shared memory. (error = 12)
OpenJDK 64-Bit Server VM warning: Failed to reserve shared memory. (error = 12)
2020-09-12 18:25:26.480 INFO  (main) [   ] o.e.j.u.log Logging initialized @813ms to org.eclipse.jetty.util.log.Slf4jLog
2020-09-12 18:25:26.719 WARN  (main) [   ] o.e.j.x.XmlConfiguration Ignored arg: <Arg name="threadpool">
    <New id="threadpool" class="com.codahale.metrics.jetty9.InstrumentedQueuedThreadPool"><Arg name="registry">
        <Call id="solrJettyMetricRegistry" name="getOrCreate" class="com.codahale.metrics.SharedMetricRegistries"><Arg>solr.jetty</Arg></Call>
      </Arg></New>
  </Arg>
2020-09-12 18:25:26.824 INFO  (main) [   ] o.e.j.s.Server jetty-9.4.27.v20200227; built: 2020-02-27T18:37:21.340Z; git: a304fd9f351f337e7c0e2a7c28878dd536149c6c; jvm 11.0.8+10-post-Ubuntu-0ubuntu118.04.1
2020-09-12 18:25:26.842 INFO  (main) [   ] o.e.j.d.p.ScanningAppProvider Deployment monitor [file:///home/ashil/HERIPORT/harvester/solr/server/contexts/] at interval 0
2020-09-12 18:25:27.073 INFO  (main) [   ] o.e.j.w.StandardDescriptorProcessor NO JSP Support for /solr, did not find org.apache.jasper.servlet.JspServlet
2020-09-12 18:25:27.082 INFO  (main) [   ] o.e.j.s.session DefaultSessionIdManager workerName=node0
2020-09-12 18:25:27.082 INFO  (main) [   ] o.e.j.s.session No SessionScavenger set, using defaults
2020-09-12 18:25:27.085 INFO  (main) [   ] o.e.j.s.session node0 Scavenging every 600000ms
2020-09-12 18:25:27.134 INFO  (main) [   ] o.a.s.s.SolrDispatchFilter Using logger factory org.apache.logging.slf4j.Log4jLoggerFactory
2020-09-12 18:25:27.138 INFO  (main) [   ] o.a.s.s.SolrDispatchFilter  ___      _       Welcome to Apache Solr™ version 8.6.0
2020-09-12 18:25:27.138 INFO  (main) [   ] o.a.s.s.SolrDispatchFilter / __| ___| |_ _   Starting in standalone mode on port 8983
2020-09-12 18:25:27.138 INFO  (main) [   ] o.a.s.s.SolrDispatchFilter \__ \/ _ \ | '_|  Install dir: /home/ashil/HERIPORT/harvester/solr
2020-09-12 18:25:27.139 INFO  (main) [   ] o.a.s.s.SolrDispatchFilter |___/\___/_|_|    Start time: 2020-09-12T18:25:27.139123Z
